<?xml version="1.0" encoding="UTF-8"?>
<Site BuildName="(empty)"
	BuildStamp="20260706-0828-Experimental"
	Name="26a9ed56f13f"
	Generator="ctest-3.22.1"
	CompilerName="/usr/bin/aarch64-linux-gnu-g++"
	CompilerVersion="11.4.0"
	OSName="Linux"
	Hostname="7da530d6f601"
	OSRelease="4.9.337-tegra"
	OSVersion="#1 SMP PREEMPT Mon Nov 4 23:41:41 PST 2024"
	OSPlatform="aarch64"
	Is64Bits="1"
	VendorString=""
	VendorID="Unknown Manufacturer"
	FamilyID="8"
	ModelID="0"
	ProcessorCacheSize="0"
	NumberOfLogicalCPU="4"
	NumberOfPhysicalCPU="1"
	TotalVirtualMemory="1981"
	TotalPhysicalMemory="3963"
	LogicalProcessorsPerPhysical="4"
	ProcessorClockFrequency="0"
	>
	<Testing>
		<StartDateTime>Jul 06 17:34 CST</StartDateTime>
		<StartTestTime>1783330490</StartTestTime>
		<TestList/>
		<EndDateTime>Jul 06 17:34 CST</EndDateTime>
		<EndTestTime>1783330490</EndTestTime>
		<ElapsedMinutes>0</ElapsedMinutes>
	</Testing>
</Site>
